<?xml version="1.0" encoding="utf-8"?><testsuites name="pytest tests"><testsuite name="pytest" errors="0" failures="0" skipped="0" tests="15" time="6.023" timestamp="2026-08-27T07:12:24.541970+00:00" hostname="agent-env-4a5a1f12-6f2e-48c3-9a2a-34d2a99bcc33"><testcase classname="tests.test_admin_stock_features.TestAdminPasswordView" name="test_admin_can_view_own_password" time="1.060" /><testcase classname="tests.test_admin_stock_features.TestStockAdjust" name="test_adjust_increase" time="0.947" /><testcase classname="tests.test_admin_stock_features.TestStockAdjust" name="test_adjust_decrease" time="0.435" /><testcase classname="tests.test_admin_stock_features.TestStockAdjust" name="test_delete_unit" time="0.458" /><testcase classname="tests.test_admin_stock_features.TestAdminPasswordView" name="test_admin_can_view_staff_password" time="0.755" /><testcase classname="tests.test_admin_stock_features.TestAdminPasswordView" name="test_staff_cannot_view_password" time="0.110" /><testcase classname="tests.test_admin_stock_features.TestAdminPasswordView" name="test_admin_reset_password_and_reveal" time="1.160" /><testcase classname="tests.test_admin_stock_features.TestStockAdjust" name="test_adjust_requires_admin" time="0.883" /><testcase classname="tests.test_admin_stock_features.TestStockAdjust" name="test_delete_unit_requires_admin" time="0.563" /><testcase classname="tests.test_admin_stock_features.TestAdminPasswordView" name="test_admin_edit_name_and_username" time="0.286" /><testcase classname="tests.test_admin_stock_features.TestStockVerification" name="test_verification_list" time="0.226" /><testcase classname="tests.test_admin_stock_features.TestRegressionBuyLimitAndGps" name="test_buy_limit_still_enforced" time="0.438" /><testcase classname="tests.test_admin_stock_features.TestStockVerification" name="test_verify_detects_missing_and_extra" time="0.224" /><testcase classname="tests.test_admin_stock_features.TestStockVerification" name="test_verify_requires_admin" time="1.878" /><testcase classname="tests.test_admin_stock_features.TestRegressionBuyLimitAndGps" name="test_change_password_still_works" time="1.910" /></testsuite></testsuites>