<?xml version="1.0" encoding="utf-8"?><testsuites name="pytest tests"><testsuite name="pytest" errors="0" failures="0" skipped="0" tests="5" time="1.408" timestamp="2026-08-27T06:13:11.678196+00:00" hostname="agent-env-4a5a1f12-6f2e-48c3-9a2a-34d2a99bcc33"><testcase classname="tests.test_batch_buy.TestBatchBuy" name="test_batch_buy_three_times_increments_stock" time="0.794" /><testcase classname="tests.test_batch_buy.TestRegression" name="test_categories_73" time="0.713" /><testcase classname="tests.test_batch_buy.TestRegression" name="test_single_buy_then_sell_decreases_stock" time="0.237" /><testcase classname="tests.test_batch_buy.TestBatchBuy" name="test_batch_buy_exact_spec_batchpn9" time="0.315" /><testcase classname="tests.test_batch_buy.TestRegression" name="test_login_ok" time="0.098" /></testsuite></testsuites>