<?xml version="1.0" encoding="utf-8"?><testsuites name="pytest tests"><testsuite name="pytest" errors="0" failures="1" skipped="0" tests="11" time="15.135" timestamp="2026-08-27T05:59:13.207718+00:00" hostname="agent-env-4a5a1f12-6f2e-48c3-9a2a-34d2a99bcc33"><testcase classname="tests.test_byo_key.TestRegression" name="test_categories_total_73" time="0.722" /><testcase classname="tests.test_byo_key.TestSettings" name="test_save_and_reflect" time="0.818" /><testcase classname="tests.test_byo_key.TestRegression" name="test_login_works" time="0.331" /><testcase classname="tests.test_byo_key.TestSettings" name="test_me_has_google_key" time="0.249" /><testcase classname="tests.test_byo_key.TestRegression" name="test_buy_increases_and_sell_decreases" time="0.881" /><testcase classname="tests.test_byo_key.TestSettings" name="test_settings_raw_key_not_returned" time="0.146" /><testcase classname="tests.test_byo_key.TestBadKey" name="test_bad_key_error_graceful" time="0.328"><failure message="Failed: non-JSON body: &lt;!DOCTYPE html&gt;&#10;&lt;!--[if lt IE 7]&gt; &lt;html class=&quot;no-js ie6 oldie&quot; lang=&quot;en-US&quot;&gt; &lt;![endif]--&gt;&#10;&lt;!--[if IE 7]&gt;    &lt;html class=&quot;no-js ie7 oldie&quot; lang=&quot;en-US&quot;&gt; &lt;![endif]--&gt;&#10;&lt;!--[if IE 8]&gt;    &lt;html class=&quot;no-js ie8 oldie&quot; lang=&quot;en-US&quot;&gt; &lt;![endif]--&gt;&#10;&lt;!--[if gt IE 8]&gt;&lt;!--&gt; &lt;html class=&quot;no-js&quot; lang=&quot;en-US&quot;&gt; &lt;!--&lt;![endif]--&gt;&#10;&lt;head&gt;&#10;&#10;&lt;title&gt;preview.emergentagent.com | 502: Bad gateway&lt;/title&gt;&#10;&lt;meta charset=&quot;UT">/root/.venv/lib/python3.11/site-packages/requests/models.py:1116: in json
    return complexjson.loads(self.text, **kwargs)
           ^^^^^^^^^^^^^^^^^^^^^^^^^^^^^^^^^^^^^^
/usr/local/lib/python3.11/json/__init__.py:346: in loads
    return _default_decoder.decode(s)
           ^^^^^^^^^^^^^^^^^^^^^^^^^^
/usr/local/lib/python3.11/json/decoder.py:337: in decode
    obj, end = self.raw_decode(s, idx=_w(s, 0).end())
               ^^^^^^^^^^^^^^^^^^^^^^^^^^^^^^^^^^^^^^
/usr/local/lib/python3.11/json/decoder.py:355: in raw_decode
    raise JSONDecodeError("Expecting value", s, err.value) from None
E   json.decoder.JSONDecodeError: Expecting value: line 1 column 1 (char 0)

During handling of the above exception, another exception occurred:
backend/tests/test_byo_key.py:76: in test_bad_key_error_graceful
    j = r.json()
        ^^^^^^^^
/root/.venv/lib/python3.11/site-packages/requests/models.py:1120: in json
    raise RequestsJSONDecodeError(e.msg, e.doc, e.pos)
E   requests.exceptions.JSONDecodeError: Expecting value: line 1 column 1 (char 0)

During handling of the above exception, another exception occurred:
backend/tests/test_byo_key.py:78: in test_bad_key_error_graceful
    pytest.fail(f"non-JSON body: {r.text[:400]}")
E   Failed: non-JSON body: &lt;!DOCTYPE html&gt;
E   &lt;!--[if lt IE 7]&gt; &lt;html class="no-js ie6 oldie" lang="en-US"&gt; &lt;![endif]--&gt;
E   &lt;!--[if IE 7]&gt;    &lt;html class="no-js ie7 oldie" lang="en-US"&gt; &lt;![endif]--&gt;
E   &lt;!--[if IE 8]&gt;    &lt;html class="no-js ie8 oldie" lang="en-US"&gt; &lt;![endif]--&gt;
E   &lt;!--[if gt IE 8]&gt;&lt;!--&gt; &lt;html class="no-js" lang="en-US"&gt; &lt;!--&lt;![endif]--&gt;
E   &lt;head&gt;
E   
E   &lt;title&gt;preview.emergentagent.com | 502: Bad gateway&lt;/title&gt;
E   &lt;meta charset="UT</failure></testcase><testcase classname="tests.test_byo_key.TestBuyTagging" name="test_buy_records_created_by_and_at" time="0.275" /><testcase classname="tests.test_byo_key" name="test_zzz_cleanup_clear_google_key" time="0.114" /><testcase classname="tests.test_byo_key.TestNoKey" name="test_no_key_error" time="0.277" /><testcase classname="tests.test_byo_key.TestDbFirstCache" name="test_cache_hits_without_google_key" time="12.615" /></testsuite></testsuites>