<?xml version="1.0" encoding="utf-8"?><testsuites name="pytest tests"><testsuite name="pytest" errors="0" failures="0" skipped="0" tests="6" time="2.024" timestamp="2026-08-27T04:06:30.391451+00:00" hostname="agent-env-4a5a1f12-6f2e-48c3-9a2a-34d2a99bcc33"><testcase classname="tests.test_compat_and_fresh.TestFreshData" name="test_categories_still_73" time="0.769" /><testcase classname="tests.test_compat_and_fresh.TestBuyAutoLogsCompatibility" name="test_buy_new_part_saves_compat" time="1.041" /><testcase classname="tests.test_compat_and_fresh.TestFreshData" name="test_parts_and_inventory_can_be_empty" time="0.329" /><testcase classname="tests.test_compat_and_fresh.TestBuyAutoLogsCompatibility" name="test_buy_existing_part_does_not_overwrite_verified_compat" time="0.428" /><testcase classname="tests.test_compat_and_fresh.TestCoreStillWorks" name="test_sell_decrements" time="0.372" /><testcase classname="tests.test_compat_and_fresh.TestBuyAutoLogsCompatibility" name="test_buy_empty_compat_still_ok" time="0.255" /></testsuite></testsuites>