<?xml version="1.0" encoding="utf-8"?><testsuites name="pytest tests"><testsuite name="pytest" errors="0" failures="0" skipped="0" tests="3" time="10.096" timestamp="2026-08-27T02:15:09.504641+00:00" hostname="agent-env-4a5a1f12-6f2e-48c3-9a2a-34d2a99bcc33"><testcase classname="tests.test_db_first.TestDbFirstEngine" name="test_a_unknown_goes_to_ai_requires_verification" time="9.105" /><testcase classname="tests.test_db_first.TestDbFirstEngine" name="test_b_admin_approve_with_edits_makes_verified" time="0.460" /><testcase classname="tests.test_db_first.TestDbFirstEngine" name="test_c_db_first_hit_returns_verified_without_ai" time="0.204" /></testsuite></testsuites>