<?xml version="1.0" encoding="utf-8"?><testsuites name="pytest tests"><testsuite name="pytest" errors="0" failures="0" skipped="0" tests="6" time="27.685" timestamp="2026-08-26T10:09:43.627819+00:00" hostname="agent-env-4a5a1f12-6f2e-48c3-9a2a-34d2a99bcc33"><testcase classname="tests.test_edit_approve.TestNewPartCreation" name="test_create_new_part_with_details" time="0.939" /><testcase classname="tests.test_edit_approve.TestApproveWithEdits" name="test_approve_with_edits_overrides_ai" time="12.765" /><testcase classname="tests.test_edit_approve.TestNewPartCreation" name="test_duplicate_part_creation_rejected" time="1.445" /><testcase classname="tests.test_edit_approve.TestRejectAI" name="test_reject_ai_no_verified_part" time="10.802" /><testcase classname="tests.test_edit_approve.TestApproveWithEdits" name="test_approve_without_edits_uses_ai" time="14.299" /><testcase classname="tests.test_edit_approve.TestEditExistingPart" name="test_patch_updates_part" time="0.316" /></testsuite></testsuites>