<?xml version="1.0" encoding="utf-8"?><testsuites name="pytest tests"><testsuite name="pytest" errors="0" failures="0" skipped="0" tests="14" time="4.735" timestamp="2026-08-27T08:03:50.226121+00:00" hostname="agent-env-4a5a1f12-6f2e-48c3-9a2a-34d2a99bcc33"><testcase classname="tests.test_history_backup.TestBackup" name="test_export_json_admin" time="0.742" /><testcase classname="tests.test_history_backup.TestTransactionsHistory" name="test_list_buy_admin" time="0.830" /><testcase classname="tests.test_history_backup.TestTransactionsHistory" name="test_list_sell_admin" time="0.264" /><testcase classname="tests.test_history_backup.TestBackup" name="test_export_json_staff_forbidden" time="0.945" /><testcase classname="tests.test_history_backup.TestTransactionsHistory" name="test_list_buy_staff_forbidden" time="0.819" /><testcase classname="tests.test_history_backup.TestBackup" name="test_export_excel" time="0.243" /><testcase classname="tests.test_history_backup.TestTransactionsHistory" name="test_bulk_delete_staff_forbidden" time="0.106" /><testcase classname="tests.test_history_backup.TestBackup" name="test_import_upsert" time="0.309" /><testcase classname="tests.test_history_backup.TestTransactionsHistory" name="test_buy_then_bulk_delete_removes_stock" time="0.874" /><testcase classname="tests.test_history_backup.TestBackup" name="test_import_staff_forbidden" time="0.129" /><testcase classname="tests.test_history_backup.TestRegression" name="test_buy_limit_still_enforced" time="0.450" /><testcase classname="tests.test_history_backup.TestRegression" name="test_admin_view_own_password" time="0.277" /><testcase classname="tests.test_history_backup.TestRegression" name="test_admin_edit_user_name" time="0.413" /><testcase classname="tests.test_history_backup.TestRegression" name="test_stock_adjust_still_works" time="0.394" /></testsuite></testsuites>