<?xml version="1.0" encoding="utf-8"?><testsuites name="pytest tests"><testsuite name="pytest" errors="0" failures="0" skipped="0" tests="18" time="3.967" timestamp="2026-08-28T10:41:31.210017+00:00" hostname="agent-env-4a5a1f12-6f2e-48c3-9a2a-34d2a99bcc33"><testcase classname="tests.test_multitenant_phase1.TestRegister" name="test_register_creates_admin_of_new_store" time="0.591" /><testcase classname="tests.test_multitenant_phase1.TestRegister" name="test_register_duplicate_username_400" time="0.338" /><testcase classname="tests.test_multitenant_phase1.TestRegister" name="test_register_short_password_422" time="0.119" /><testcase classname="tests.test_multitenant_phase1.TestLogin" name="test_owner_can_login" time="0.370" /><testcase classname="tests.test_multitenant_phase1.TestIsolation" name="test_store_b_inventory_does_not_show_a" time="1.394" /><testcase classname="tests.test_multitenant_phase1.TestIsolation" name="test_store_b_parts_does_not_show_a" time="0.096" /><testcase classname="tests.test_multitenant_phase1.TestIsolation" name="test_store_b_search_says_new" time="0.265" /><testcase classname="tests.test_multitenant_phase1.TestIsolation" name="test_store_a_search_says_in_stock" time="0.117" /><testcase classname="tests.test_multitenant_phase1.TestLogin" name="test_super_admin_login" time="0.565" /><testcase classname="tests.test_multitenant_phase1.TestIsolation" name="test_stats_scoped" time="0.459" /><testcase classname="tests.test_multitenant_phase1.TestIsolation" name="test_store_b_cannot_override_store_id_param" time="0.125" /><testcase classname="tests.test_multitenant_phase1.TestAdminStores" name="test_super_admin_can_list_stores" time="0.502" /><testcase classname="tests.test_multitenant_phase1.TestSec001" name="test_store_admin_cannot_create_admin" time="0.342" /><testcase classname="tests.test_multitenant_phase1.TestAdminStores" name="test_store_owner_cannot_list_stores" time="0.311" /><testcase classname="tests.test_multitenant_phase1.TestBuySell" name="test_buy_then_sell_decreases_stock" time="0.703" /><testcase classname="tests.test_multitenant_phase1.TestSec001" name="test_cross_store_user_edit_blocked" time="0.466" /><testcase classname="tests.test_multitenant_phase1.TestSec004" name="test_admin_users_hides_secrets" time="0.098" /><testcase classname="tests.test_multitenant_phase1.TestSuperAdminListUsers" name="test_super_admin_sees_all_users" time="0.130" /></testsuite></testsuites>