<?xml version="1.0" encoding="utf-8"?><testsuites name="pytest tests"><testsuite name="pytest" errors="0" failures="0" skipped="0" tests="8" time="5.110" timestamp="2026-08-27T06:36:13.935967+00:00" hostname="agent-env-4a5a1f12-6f2e-48c3-9a2a-34d2a99bcc33"><testcase classname="tests.test_new_features.TestChangePassword" name="test_wrong_current_returns_400" time="0.939" /><testcase classname="tests.test_new_features.TestPurchaseLimit" name="test_limit_reached_returns_409" time="1.963" /><testcase classname="tests.test_new_features.TestChangePassword" name="test_short_new_returns_422" time="0.341" /><testcase classname="tests.test_new_features.TestChangePassword" name="test_same_as_old_returns_422" time="0.318" /><testcase classname="tests.test_new_features.TestChangePassword" name="test_valid_change_and_revert" time="2.170" /><testcase classname="tests.test_new_features.TestPurchaseLimit" name="test_batch_buy_calls_use_override_false_and_are_blocked" time="1.918" /><testcase classname="tests.test_new_features.TestUploadAndBuyWithPhotos" name="test_upload_returns_path" time="0.320" /><testcase classname="tests.test_new_features.TestUploadAndBuyWithPhotos" name="test_buy_persists_photos_and_gps" time="0.601" /></testsuite></testsuites>