<?xml version="1.0" encoding="utf-8"?><testsuites name="pytest tests"><testsuite name="pytest" errors="0" failures="0" skipped="0" tests="24" time="12.598" timestamp="2026-08-26T08:44:58.505150+00:00" hostname="agent-env-4a5a1f12-6f2e-48c3-9a2a-34d2a99bcc33"><testcase classname="tests.test_kabadi_api.TestAuth" name="test_admin_login" time="0.537" /><testcase classname="tests.test_kabadi_api.TestAuth" name="test_wrong_password" time="0.445" /><testcase classname="tests.test_kabadi_api.TestBuyingTrip" name="test_buying_trip_ok_to_buy" time="1.009" /><testcase classname="tests.test_kabadi_api.TestBuyingTrip" name="test_buying_trip_required" time="0.399" /><testcase classname="tests.test_kabadi_api.TestBuyingTrip" name="test_buying_trip_already_in_stock" time="0.368" /><testcase classname="tests.test_kabadi_api.TestAuth" name="test_me_endpoint" time="0.623" /><testcase classname="tests.test_kabadi_api.TestAuth" name="test_no_token_unauthorized" time="0.117" /><testcase classname="tests.test_kabadi_api.TestMeta" name="test_categories_73_items_5_groups" time="0.119" /><testcase classname="tests.test_kabadi_api.TestBuyingTrip" name="test_buying_trip_do_not_buy" time="0.459" /><testcase classname="tests.test_kabadi_api.TestMeta" name="test_companies" time="0.099" /><testcase classname="tests.test_kabadi_api.TestMeta" name="test_conditions" time="0.111" /><testcase classname="tests.test_kabadi_api.TestSearchAndStatus" name="test_new_part_search_no_stock_change" time="0.238" /><testcase classname="tests.test_kabadi_api.TestInventoryStats" name="test_inventory_lists_only_non_sold" time="0.261" /><testcase classname="tests.test_kabadi_api.TestSearchAndStatus" name="test_search_to_buy_transitions_to_in_stock" time="0.884" /><testcase classname="tests.test_kabadi_api.TestInventoryStats" name="test_stats_admin_only" time="0.915" /><testcase classname="tests.test_kabadi_api.TestLimits" name="test_part_limit_stop_and_override" time="0.505" /><testcase classname="tests.test_kabadi_api.TestInventoryStats" name="test_demand_high_after_multiple_searches" time="0.347" /><testcase classname="tests.test_kabadi_api.TestPermissions" name="test_staff_cannot_access_admin_endpoints" time="0.535" /><testcase classname="tests.test_kabadi_api.TestLimits" name="test_global_limit_admin_only" time="0.718" /><testcase classname="tests.test_kabadi_api.TestPermissions" name="test_staff_can_search_and_buy" time="0.283" /><testcase classname="tests.test_kabadi_api.TestBuy" name="test_buy_increments_stock" time="0.336" /><testcase classname="tests.test_kabadi_api.TestRequirements" name="test_requirement_flow" time="0.367" /><testcase classname="tests.test_kabadi_api.TestSell" name="test_sell_decrements_and_no_stock_error" time="1.741" /><testcase classname="tests.test_kabadi_api.TestAI" name="test_ai_research_and_approve" time="7.281" /></testsuite></testsuites>