<?xml version="1.0" encoding="utf-8"?><testsuites name="pytest tests"><testsuite name="pytest" errors="0" failures="0" skipped="0" tests="7" time="5.288" timestamp="2026-08-28T17:33:23.688141+00:00" hostname="agent-env-4a5a1f12-6f2e-48c3-9a2a-34d2a99bcc33"><testcase classname="tests.test_scan_logos_templates.TestMeta" name="test_categories_has_22_groups" time="0.870" /><testcase classname="tests.test_scan_logos_templates.TestMeta" name="test_companies_contains_brands" time="0.371" /><testcase classname="tests.test_scan_logos_templates.TestScanSticker" name="test_shape_and_keys" time="3.141" /><testcase classname="tests.test_scan_logos_templates.TestMultiTenantIsolation" name="test_logos_isolated_between_stores" time="3.361" /><testcase classname="tests.test_scan_logos_templates.TestMultiTenantIsolation" name="test_sticker_templates_isolated_between_stores" time="0.532" /><testcase classname="tests.test_scan_logos_templates.TestLogosCRUD" name="test_create_list_delete" time="0.805" /><testcase classname="tests.test_scan_logos_templates.TestStickerTemplatesCRUD" name="test_create_list_delete" time="0.561" /></testsuite></testsuites>